\BOOKMARK [1][-]{Dedication.1}{Dedication}{}% 1
\BOOKMARK [1][-]{Abstract.1}{Abstract}{}% 2
\BOOKMARK [1][-]{Publications.1}{Publications}{}% 3
\BOOKMARK [1][-]{Acknowledgements.1}{Acknowledgements}{}% 4
\BOOKMARK [1][-]{tableofcontents.1}{Contents}{}% 5
\BOOKMARK [1][-]{lof.1}{List of Figures}{}% 6
\BOOKMARK [1][-]{lot.1}{List of Tables}{}% 7
\BOOKMARK [1][-]{lol.1}{Listings}{}% 8
\BOOKMARK [1][-]{acronyms.1}{Acronyms}{}% 9
\BOOKMARK [-1][]{part.1}{Introduction}{}% 10
\BOOKMARK [-1][]{part.2}{Theory and Motivation}{}% 11
\BOOKMARK [0][]{chapter.1}{1 Theory}{part.2}% 12
\BOOKMARK [1][-]{section.1.1}{1.1 The Standard Model}{chapter.1}% 13
\BOOKMARK [1][-]{section.1.2}{1.2 Open Questions}{chapter.1}% 14
\BOOKMARK [1][-]{section.1.3}{1.3 Supersymmetry}{chapter.1}% 15
\BOOKMARK [0][]{chapter.2}{2 Long Lived Particles}{part.2}% 16
\BOOKMARK [1][-]{section.2.1}{2.1 Motivation}{chapter.2}% 17
\BOOKMARK [1][-]{section.2.2}{2.2 Basics}{chapter.2}% 18
\BOOKMARK [-1][]{part.3}{Experiment}{}% 19
\BOOKMARK [0][]{chapter.3}{3 Particle Accelerators}{part.3}% 20
\BOOKMARK [1][-]{section.3.1}{3.1 Accelerator Theory}{chapter.3}% 21
\BOOKMARK [1][-]{section.3.2}{3.2 The Large Hadron Collider}{chapter.3}% 22
\BOOKMARK [0][]{chapter.4}{4 The ATLAS Detector}{part.3}% 23
\BOOKMARK [1][-]{section.4.1}{4.1 General Overview}{chapter.4}% 24
\BOOKMARK [1][-]{section.4.2}{4.2 Inner Detector}{chapter.4}% 25
\BOOKMARK [1][-]{section.4.3}{4.3 Calorimeters}{chapter.4}% 26
\BOOKMARK [1][-]{section.4.4}{4.4 Muon Spectrometer}{chapter.4}% 27
\BOOKMARK [1][-]{section.4.5}{4.5 Magnet Systems}{chapter.4}% 28
\BOOKMARK [0][]{chapter.5}{5 Data Acquisition}{part.3}% 29
\BOOKMARK [1][-]{section.5.1}{5.1 Overview}{chapter.5}% 30
\BOOKMARK [1][-]{section.5.2}{5.2 General Challenges}{chapter.5}% 31
\BOOKMARK [1][-]{section.5.3}{5.3 Challenges for Long Lived Particles}{chapter.5}% 32
\BOOKMARK [1][-]{section.5.4}{5.4 The Fast TracKer}{chapter.5}% 33
\BOOKMARK [1][-]{section.5.5}{5.5 Fast TracKer Applications for Long Lived Particles and Future Prospects}{chapter.5}% 34
\BOOKMARK [0][]{chapter.6}{6 Event Reconstruction}{part.3}% 35
\BOOKMARK [1][-]{section.6.1}{6.1 Track Reconstruction}{chapter.6}% 36
\BOOKMARK [2][-]{subsection.6.1.1}{6.1.1 Primary Vertex Identification}{section.6.1}% 37
\BOOKMARK [2][-]{subsection.6.1.2}{6.1.2 Large Radius Tracking}{section.6.1}% 38
\BOOKMARK [1][-]{section.6.2}{6.2 Electrons}{chapter.6}% 39
\BOOKMARK [2][-]{subsection.6.2.1}{6.2.1 Standard Reconstruction and Identification}{section.6.2}% 40
\BOOKMARK [2][-]{subsection.6.2.2}{6.2.2 Modifications}{section.6.2}% 41
\BOOKMARK [1][-]{section.6.3}{6.3 Muons}{chapter.6}% 42
\BOOKMARK [2][-]{subsection.6.3.1}{6.3.1 Standard Reconstruction and Identification}{section.6.3}% 43
\BOOKMARK [2][-]{subsection.6.3.2}{6.3.2 Modifications}{section.6.3}% 44
\BOOKMARK [-1][]{part.4}{Search for Displaced Leptons}{}% 45
\BOOKMARK [0][]{chapter.7}{7 Analysis Strategy}{part.4}% 46
\BOOKMARK [1][-]{section.7.1}{7.1 Target Models and Signal Regions}{chapter.7}% 47
\BOOKMARK [1][-]{section.7.2}{7.2 Overview of Backgrounds}{chapter.7}% 48
\BOOKMARK [1][-]{section.7.3}{7.3 Signal, Control, and Validation Regions}{chapter.7}% 49
\BOOKMARK [0][]{chapter.8}{8 Event Selection}{part.4}% 50
\BOOKMARK [1][-]{section.8.1}{8.1 Datasets}{chapter.8}% 51
\BOOKMARK [2][-]{subsection.8.1.1}{8.1.1 Recorded Data Streams}{section.8.1}% 52
\BOOKMARK [2][-]{subsection.8.1.2}{8.1.2 Trigger Strategy}{section.8.1}% 53
\BOOKMARK [2][-]{subsection.8.1.3}{8.1.3 Monte Carlo Samples}{section.8.1}% 54
\BOOKMARK [1][-]{section.8.2}{8.2 Electron Selection}{chapter.8}% 55
\BOOKMARK [2][-]{subsection.8.2.1}{8.2.1 Quality Requiremens}{section.8.2}% 56
\BOOKMARK [2][-]{subsection.8.2.2}{8.2.2 Efficiency}{section.8.2}% 57
\BOOKMARK [1][-]{section.8.3}{8.3 Muon Selection}{chapter.8}% 58
\BOOKMARK [2][-]{subsection.8.3.1}{8.3.1 Quality Requirements}{section.8.3}% 59
\BOOKMARK [2][-]{subsection.8.3.2}{8.3.2 Efficiency}{section.8.3}% 60
\BOOKMARK [1][-]{section.8.4}{8.4 Final Event Selection}{chapter.8}% 61
\BOOKMARK [0][]{chapter.9}{9 Backgrounds}{part.4}% 62
\BOOKMARK [1][-]{section.9.1}{9.1 Fakes}{chapter.9}% 63
\BOOKMARK [2][-]{subsection.9.1.1}{9.1.1 Electrons}{section.9.1}% 64
\BOOKMARK [2][-]{subsection.9.1.2}{9.1.2 Muons}{section.9.1}% 65
\BOOKMARK [1][-]{section.9.2}{9.2 Cosmics}{chapter.9}% 66
\BOOKMARK [2][-]{subsection.9.2.1}{9.2.1 Identification}{section.9.2}% 67
\BOOKMARK [2][-]{subsection.9.2.2}{9.2.2 Cosmic Events}{section.9.2}% 68
\BOOKMARK [2][-]{subsection.9.2.3}{9.2.3 Systematic Uncertainties}{section.9.2}% 69
\BOOKMARK [1][-]{section.9.3}{9.3 Other backgrounds}{chapter.9}% 70
\BOOKMARK [2][-]{subsection.9.3.1}{9.3.1 Heavy Flavor}{section.9.3}% 71
\BOOKMARK [2][-]{subsection.9.3.2}{9.3.2 Conversions}{section.9.3}% 72
\BOOKMARK [2][-]{subsection.9.3.3}{9.3.3 Material Interactions}{section.9.3}% 73
\BOOKMARK [0][]{chapter.10}{10 Systematics}{part.4}% 74
\BOOKMARK [1][-]{section.10.1}{10.1 Monte Carlo Systematics}{chapter.10}% 75
\BOOKMARK [1][-]{section.10.2}{10.2 Cosmic Muon Identification}{chapter.10}% 76
\BOOKMARK [1][-]{section.10.3}{10.3 Electron Reconstruction}{chapter.10}% 77
\BOOKMARK [1][-]{section.10.4}{10.4 Trigger Efficiency}{chapter.10}% 78
\BOOKMARK [0][]{chapter.11}{11 Results.tex}{part.4}% 79
\BOOKMARK [1][-]{section.11.1}{11.1 Signal Yield}{chapter.11}% 80
\BOOKMARK [1][-]{section.11.2}{11.2 Interpretation}{chapter.11}% 81
\BOOKMARK [1][-]{section.11.3}{11.3 Future Prospects}{chapter.11}% 82
\BOOKMARK [-1][]{part.5}{Conclusions}{}% 83
\BOOKMARK [-1][]{part.6}{Appendix}{}% 84
\BOOKMARK [0][]{dummy.7}{Bibliography}{part.6}% 85
\BOOKMARK [0][]{declaration.0}{Declaration}{part.6}% 86
\BOOKMARK [0][]{colophon.0}{Colophon}{part.6}% 87
